<?xml version="1.0" encoding="UTF-8"?>
<coverage generated="1653926985651" clover="3.2.0">
  <project timestamp="1653926985652" name="All files">
    <metrics statements="2" coveredstatements="2" conditionals="0" coveredconditionals="0" methods="1" coveredmethods="1" elements="3" coveredelements="3" complexity="0" loc="2" ncloc="2" packages="1" files="2" classes="2"/>
    <file name="index.tsx" path="/Users/danielsilva/Documents/React/vite-boilerplate/src/components/Button/index.tsx">
      <metrics statements="1" coveredstatements="1" conditionals="0" coveredconditionals="0" methods="1" coveredmethods="1"/>
      <line num="4" count="1" type="stmt"/>
    </file>
    <file name="styles.ts" path="/Users/danielsilva/Documents/React/vite-boilerplate/src/components/Button/styles.ts">
      <metrics statements="1" coveredstatements="1" conditionals="0" coveredconditionals="0" methods="0" coveredmethods="0"/>
      <line num="3" count="1" type="stmt"/>
    </file>
  </project>
</coverage>
