{"/Users/danielsilva/Documents/React/vite-boilerplate/src/components/Button/index.tsx": {"path":"/Users/danielsilva/Documents/React/vite-boilerplate/src/components/Button/index.tsx","statementMap":{"0":{"start":{"line":4,"column":3},"end":{"line":8,"column":4}}},"fnMap":{"0":{"name":"Button","decl":{"start":{"line":3,"column":24},"end":{"line":3,"column":30}},"loc":{"start":{"line":3,"column":33},"end":{"line":9,"column":1}},"line":3}},"branchMap":{},"s":{"0":1},"f":{"0":1},"b":{},"_coverageSchema":"1a1c01bbd47fc00a2c39e90264f33305004495a9","hash":"ec35b07dfe40d8b814fa7fd7215c6de12c6f9bfe"}
,"/Users/danielsilva/Documents/React/vite-boilerplate/src/components/Button/styles.ts": {"path":"/Users/danielsilva/Documents/React/vite-boilerplate/src/components/Button/styles.ts","statementMap":{"0":{"start":{"line":3,"column":23},"end":{"line":3,"column":39}}},"fnMap":{},"branchMap":{},"s":{"0":1},"f":{},"b":{},"_coverageSchema":"1a1c01bbd47fc00a2c39e90264f33305004495a9","hash":"35893822d5319b8504105ce2f8910994f01458d2"}
}
